2023-12-16T12:53:20.1125393 400 : [{"timestamp":"2023-12-16T20:53:20.100+00:00","status":400,"error":"Bad Request","message":"Validation failed for object='transferDto'. Error count: 1","errors":[{"codes":["AssertTrue.transferDto.valid... (613 bytes)]
2023-12-16T12:54:22.7799473 400 : [{"timestamp":"2023-12-16T20:54:22.769+00:00","status":400,"error":"Bad Request","message":"Validation failed for object='transferDto'. Error count: 1","errors":[{"codes":["AssertTrue.transferDto.valid... (613 bytes)]
2023-12-16T13:01:05.9086862 400 : [{"timestamp":"2023-12-16T21:01:05.890+00:00","status":400,"error":"Bad Request","message":"Validation failed for object='transferDtoServer'. Error count: 3","errors":[{"codes":["NotEmpty.transferDtoSe... (1485 bytes)]
2023-12-16T13:02:24.7240579 500 : [{"timestamp":"2023-12-16T21:02:24.710+00:00","status":500,"error":"Internal Server Error","message":"null is not a valid transferStatus","path":"/transfer/"}]
2023-12-16T13:16:32.3908782 500 : [{"timestamp":"2023-12-16T21:16:32.336+00:00","status":500,"error":"Internal Server Error","message":"null is not a valid transferStatus","path":"/transfer/"}]
2023-12-16T13:30:06.6323454 500 : [{"timestamp":"2023-12-16T21:27:23.270+00:00","status":500,"error":"Internal Server Error","message":"null is not a valid transferStatus","path":"/transfer/"}]
2023-12-16T13:47:23.6662668 403 : [{"timestamp":"2023-12-16T21:47:23.653+00:00","status":403,"error":"Forbidden","message":"403 FORBIDDEN","path":"/transfer/"}]
2023-12-16T14:33:51.0675819 401 : [no body]
2023-12-16T17:16:51.9510636 500 : [{"timestamp":"2023-12-17T01:16:51.936+00:00","status":500,"error":"Internal Server Error","message":"User registration failed.","path":"/register"}]
2023-12-16T17:16:57.6956199 401 : [no body]
2023-12-16T17:17:31.9857808 401 : [no body]
2023-12-16T18:36:20.9597063 500 : [{"timestamp":"2023-12-17T02:36:20.947+00:00","status":500,"error":"Internal Server Error","message":"Invalid column name; nested exception is java.sql.SQLException: Invalid column name","path":"/transfers/"}]
2023-12-16T18:39:06.4238683 500 : [{"timestamp":"2023-12-17T02:39:06.411+00:00","status":500,"error":"Internal Server Error","message":"Invalid column name; nested exception is java.sql.SQLException: Invalid column name","path":"/transfers/"}]
2023-12-16T18:53:03.1473724 400 : [{"timestamp":"2023-12-17T02:53:03.135+00:00","status":400,"error":"Bad Request","message":"500 exceeds the remaining balance of 185.00","path":"/transfers/"}]
2023-12-16T18:56:58.9656539 500 : [{"timestamp":"2023-12-17T02:56:58.954+00:00","status":500,"error":"Internal Server Error","message":"Invalid column name; nested exception is java.sql.SQLException: Invalid column name","path":"/transfers/"}]
2023-12-16T19:02:12.4012231 500 : [{"timestamp":"2023-12-17T03:02:12.389+00:00","status":500,"error":"Internal Server Error","message":"Invalid column name; nested exception is java.sql.SQLException: Invalid column name","path":"/transfers/"}]
2023-12-16T19:09:38.7998472 500 : [{"timestamp":"2023-12-17T03:09:38.786+00:00","status":500,"error":"Internal Server Error","message":"PreparedStatementCallback; SQL [INSERT INTO transfer ( transfer_type_id, transfer_status_id, accoun... (406 bytes)]
2023-12-16T22:37:17.5971559 500 : [{"timestamp":"2023-12-17T06:37:17.584+00:00","status":500,"error":"Internal Server Error","message":"PreparedStatementCallback; SQL [INSERT INTO transfer (transfer_type_id, transfer_status_id, account... (445 bytes)]
2023-12-16T22:38:07.3286801 500 : [{"timestamp":"2023-12-17T06:38:07.324+00:00","status":500,"error":"Internal Server Error","message":"PreparedStatementCallback; bad SQL grammar [INSERT INTO transfer (transfer_type_id, transfer_status... (416 bytes)]
2023-12-16T22:38:27.7386957 500 : [{"timestamp":"2023-12-17T06:38:27.730+00:00","status":500,"error":"Internal Server Error","message":"PreparedStatementCallback; bad SQL grammar [INSERT INTO transfer (transfer_type_id, transfer_status... (416 bytes)]
2023-12-16T23:00:17.7788448 500 : [{"timestamp":"2023-12-17T07:00:17.766+00:00","status":500,"error":"Internal Server Error","message":"PreparedStatementCallback; SQL [INSERT INTO transfer (transfer_type_id, transfer_status_id, account... (444 bytes)]
